<?xml version="1.0" encoding="UTF-8"?>
<testng-results ignored="0" total="1" passed="1" failed="0" skipped="0">
  <reporter-output>
  </reporter-output>
  <suite started-at="2026-03-22T18:37:55 IST" name="Surefire suite" finished-at="2026-03-22T18:38:29 IST" duration-ms="34017">
    <groups>
    </groups>
    <test started-at="2026-03-22T18:37:55 IST" name="Surefire test" finished-at="2026-03-22T18:38:29 IST" duration-ms="34017">
      <class name="aniket.makemytrip.Assignment">
        <test-method signature="test()[pri:0, instance:aniket.makemytrip.Assignment@8e0379d]" started-at="2026-03-22T18:37:55 IST" name="test" finished-at="2026-03-22T18:38:29 IST" duration-ms="34004" status="PASS">
          <reporter-output>
          </reporter-output>
        </test-method> <!-- test -->
      </class> <!-- aniket.makemytrip.Assignment -->
    </test> <!-- Surefire test -->
  </suite> <!-- Surefire suite -->
</testng-results>
