<?xml version="1.0" encoding="UTF-8"?>
<testsuite xmlns:xsi="http://www.w3.org/2001/XMLSchema-instance" xsi:noNamespaceSchemaLocation="https://maven.apache.org/surefire/maven-surefire-plugin/xsd/surefire-test-report-3.0.xsd" version="3.0" name="aniket.makemytrip.Assignment" time="34.151" tests="1" errors="0" skipped="0" failures="0">
  <properties>
[...]
</properties>
  <testcase name="test" classname="aniket.makemytrip.Assignment" time="34.008">
    <system-out><![CDATA[[DEBUG] Departure date (from calendar cell): Mon Mar 23 2026
[DEBUG] Return date (from calendar cell): Tue Mar 24 2026
[DEBUG] Lowest outbound fare: 10295
[DEBUG] Departure date: Mon Mar 23 2026
[DEBUG] Return date: Tue Mar 24 2026
]]></system-out>
    <system-err><![CDATA[SLF4J(W): No SLF4J providers were found.
SLF4J(W): Defaulting to no-operation (NOP) logger implementation
SLF4J(W): See https://www.slf4j.org/codes.html#noProviders for further details.
]]></system-err>
  </testcase>
</testsuite>