<?xml version="1.0" encoding="UTF-8"?>
<testng-results ignored="0" total="1" passed="1" failed="0" skipped="0">
  <reporter-output>
  </reporter-output>
  <suite started-at="2026-03-22T23:16:35 IST" name="Default suite" finished-at="2026-03-22T23:17:27 IST" duration-ms="51922">
    <groups>
    </groups>
    <test started-at="2026-03-22T23:16:35 IST" name="Default test" finished-at="2026-03-22T23:17:27 IST" duration-ms="51922">
      <class name="aniket.makemytrip.Assignment">
        <test-method signature="test()[pri:0, instance:aniket.makemytrip.Assignment@443118b0]" started-at="2026-03-22T23:16:36 IST" name="test" finished-at="2026-03-22T23:17:27 IST" duration-ms="51849" status="PASS">
          <reporter-output>
          </reporter-output>
        </test-method> <!-- test -->
      </class> <!-- aniket.makemytrip.Assignment -->
    </test> <!-- Default test -->
  </suite> <!-- Default suite -->
</testng-results>
